Project created on 20190306 as UBER-EATS-EMEA-RESTAURANT_p1901075
Project created on 20190327 as PERMISSIONS-TEST-PROJ_p1903789
Project created on 20190327 as PERMISSIONS-TEST-PROJ_p1903789
Project created on 20190327 as AMBASSADORS-BRANDING-2019_p1903093
Project created on 20190401 as ADIDAS-X-COTY-OWN-YOUR-ZONE_p1903033
Project created on 20190402 as UEFA-JUMBOTRON_p1904006
Project created on 20190402 as UEFA-BUMPERS_p1904007
Project created on 20190403 as LUNE-ACTIVE_p1904014
Project created on 20190408 as KWF-KANKER-ONDER-KINDEREN_p1903094
Project created on 20190411 as MARKTPLAATS-Q2-LENTE_p1903031
Project created on 20190412 as QNB-ALTERNATE-LIFE_p1901042
Project created on 20190416 as BLUE-TULIP-AWARDS_p1904038
Project created on 20190418 as FRISO-PRESTIGE_p1904012
Project created on 20190507 as BOOKING-AU-RADIO-ICC_p1905013
Project created on 20190812 as PHILIPS-HMD-TEST-V02_p1908999
Project created on 20190812 as HMD-TEST-V02_p1908999
Project created on 20190919 as ZIGGO-PROOFPOINT_p1909012
Project created on 20191002 as OVERVIEW_p1910001
Project created on 20191002 as TEST-TEST_p1900000
Project created on 20191003 as DARK-ICE_p1909014
Project created on 20191003 as HOME-M3_p1908056
Project created on 20191004 as DA-GC-BAYMINI-PSG7000_p1909027
Project created on 20191010 as HOSTELS-CAMPAIGN_p1909035
Project created on 20191011 as THE-ELLEN-PROJECT_p1910028
Project created on 20191014 as ROYAL-CANIN-STARTOFLIFE_p1909016
Project created on 20191014 as KRASLOTEN-DEC_KALENDER_p1910006
Project created on 20191014 as KRASLOTEN-DEC-KALENDER_p1910006
Project created on 20191014 as ADIDAS-FUTURECRAFT-GEN2_p1910031
Project created on 20191015 as CITY-TOUR_p1910023
Project created on 20191015 as UEFA-PROMOTIONS_p1910024
Project created on 20191016 as DOUWE-EGBERTS-SENSEO_p1910004
Project created on 20191017 as LANDSCAPE_p1910041
Project created on 20191017 as STAATSLOTERIJ-EGEL_p1909024
Project created on 20191021 as UBER-EATS-FEED-INTEGRA_p1907010
Project created on 20191021 as UBER-EATS-FRENCH-CAMP_p1908031
Project created on 20191021 as UBER-SAFETY-SOCIAL-CAM_p1907053
Project created on 20191021 as IZZ-ZORGCAMPAGNE_p1910011
Project created on 20191021 as PC-FB-LINE-FRIENDS_p1910050
Project created on 20191022 as ELS-LAUNCH-ADVERT_p1910039
Project created on 20191022 as STAATSLOTERIJ-ABC_p1999999
Project created on 20191022 as ABC_p1999999
Project created on 20191022 as STAATSLOTERIJ-ABC_p1999999
Project created on 20191022 as STAATSLOTERIJ-123_p1999999
Project created on 20191022 as 123_p1999999
Project created on 20191022 as STAATSLOTERIJ-ABCDE_p1999999
Project created on 20191022 as ABCNIEMEER_p1999999
Project created on 20191024 as APPELFLAP-ABC_p1999999
Project created on 20191024 as AMB-FOLDER-STRUCTURE_p1910999
Project created on 20191024 as PC-FB-LUMEA-BRI900_p1905090
Project created on 20191028 as ARCA-MUTANT-FAITH_p1910057
Project created on 20191028 as UEFA-BUMPERS_p1904007
Project created on 20191030 as LIDL-FRESHBAR_p1910061
Project created on 20191030 as SAFEAUTO_p1910013
Project created on 20191030 as PC-FB-LUMEA-ADVANCED_p1910063
Project created on 20191031 as RESOLUTIONS_p1910017
Project created on 20191101 as NEXIUM_p1806961
Project created on 20191101 as PC-MG-APA_p1911005
Project created on 20191105 as NEXIUM_p1910019
Project created on 20191107 as DDB-PRODUCTIE-FILM_p1911014
Project created on 20191107 as CUBE-CASEFILM_p1911017
Project created on 20191107 as DA-GC-4000-ASTRO_p1803176
Project created on 20191108 as PC-MG-APA-S5000_p1911019
Project created on 20191108 as PC-MG-APA-S7000_p1911019
Project created on 20191111 as KPN-SINTERKLAAS_p1911021
Project created on 20191112 as PLUS-KRUIWAGEN_p1911012
Project created on 20191114 as RESOLUTIONS-BUMPERS_p1910018
Project created on 20191121 as KPN-KERST-2019_p1911009
Project created on 20191125 as UBER-JUMP_p1911052
Project created on 20191126 as PC-MG-ONEBLADE-QP2000_p1911054
Project created on 20191126 as AMB-FOLDER-STRUCTURE_p1812999
Project created on 20191128 as RAYBAN-OPTICAL_p1911006
Project created on 20191129 as ALBERT-HEIJN-EFTELING_p1911040
Project created on 20191205 as LAB-VIDEO-CONTENT_p1912005
Project created on 20191209 as RO-WIJS-OP-REIS_p1911037
Project created on 20191209 as KLM-WERELDDEAL-WEKEN_p1810085
Project created on 20191209 as CITYBOOK_p1912008
Project created on 20191210 as NETFLIX-SKYDANCE_p1912012
Project created on 20191211 as HG-Q4-2019_p1911048
Project created on 20191218 as HEROES-2020_p1911063
Project created on 20191218 as PC-FB-SERENA-BRE700_p1912029
Project created on 20200102 as AAP_p2001001
Project created on 20200106 as UEFA-QUANT-BUMPERS_p1912033
Project created on 20200106 as 2020_p2001009
Project created on 20200107 as HYUNDAI-X_p1912037
Project created on 20200109 as GENIUS-LOGO-EXPLORATION_p2001013
Project created on 20200109 as MIELE-GEN7000_p2001017
Project created on 20200110 as OLAZ-CREME_p1912003
Project created on 20200113 as MONTBLANC-MARK-MAKERS_p1911026
Project created on 20200117 as TOMMY-HILFIGER-COOL_p2001026
Project created on 20200120 as STRONGBOW-NATURE-REFRES_p1912021
Project created on 20200120 as SONIC-BRANDING-TOTO_p2001033
Project created on 20200121 as LAB-FILM-PRODUCTION_p1912032
Project created on 20200122 as CARNEXT-MAX-VERSTAPPEN_p2001031
Project created on 20200128 as EMEA-SPRING2020_p2001003
Project created on 20200129 as DEMOCRATIE_p2001014
Project created on 20200129 as VODAFONE-5G_p2001007
Project created on 20200130 as MCDONALDS-GOOD-TIMES_p2001043
Project created on 20200130 as DA-GC-BAGLESS-SERIES_p2001054
Project created on 20200203 as ACTION-VOORJAAR_p2001046
Project created on 20200204 as PC-FB-ALEXA-BHD300_p2002004
